<?xml version="1.0" encoding="UTF-8"?>
<!-- Generated by org.testng.reporters.JUnitReportReporter -->
<testsuite skipped="0" hostname="RAZER-BLADE-PRO" name="org.appiumautomation.TheScoreApp.MobileAppLogin" tests="1" failures="0" timestamp="2024-03-28T11:29:07 EDT" time="58.512" errors="0">
  <testcase name="lauchApp" time="58.512" classname="org.appiumautomation.TheScoreApp.MobileAppLogin"/>
  <system-out/>
</testsuite> <!-- org.appiumautomation.TheScoreApp.MobileAppLogin -->
